100, [342, 434, 453, 526, 598, 635, 681, 722, 736, 764, 767, 795, 861, 889, 980, 988, 1063, 1074, 1120, 1146, 1221, 1248, 1279, 1305, 1315, 1327, 1375, 1414, 1430, 1471, 1523, 1533, 1549, 1569, 1647, 1677, 1730, 1780, 1823, 1886, 1994, 2016, 2078, 2098, 2143, 2178, 2221, 2258, 2486, 2512, 2711, 2729, 2961, 3008, 3027, 3065, 3118, 3132, 3212, 3221, 3345, 3397, 3446, 3498, 3540, 3584, 3646, 3671, 3681, 3695, 3745, 3775, 3806, 3852, 3890, 3899, 3914, 3938, 3973, 4004, 4067, 4104, 4133, 4157, 4231, 4239, 4332, 4358, 4432, 4440, 4462, 4478, 4502, 4532, 4575, 4611, 4703, 4775, 4786, 4867]
Runtime:  247.6835225000002
n. of backtracks is 139
satisfied
3
256
104, [318, 395, 422, 460, 500, 525, 567, 670, 891, 907, 920, 943, 962, 1004, 1023, 1083, 1109, 1186, 1193, 1238, 1257, 1311, 1347, 1375, 1422, 1490, 1509, 1569, 1619, 1634, 1655, 1669, 1697, 1729, 1757, 1822, 1862, 1898, 1943, 1968, 1982, 2004, 2010, 2044, 2088, 2185, 2279, 2381, 2435, 2472, 2502, 2592, 2627, 2717, 2742, 2778, 2838, 2925, 3037, 3133, 3176, 3198, 3217, 3233, 3259, 3270, 3325, 3363, 3384, 3464, 3499, 3526, 3549, 3554, 3586, 3590, 3649, 3718, 3733, 3799, 3856, 3865, 3908, 3963, 3989, 4021, 4034, 4098, 4136, 4195, 4205, 4258, 4281, 4299, 4305, 4325, 4548, 4656, 4698, 4720, 4744, 4810, 4818, 4899]
Runtime:  219.70320829999991
n. of backtracks is 486
satisfied
3
256
104, [308, 331, 354, 361, 419, 441, 449, 491, 642, 656, 672, 899, 936, 981, 1081, 1094, 1130, 1176, 1216, 1307, 1334, 1347, 1362, 1408, 1418, 1440, 1499, 1580, 1587, 1619, 1661, 1679, 1694, 1701, 1770, 1817, 1843, 1856, 1980, 2012, 2090, 2157, 2181, 2211, 2364, 2385, 2408, 2440, 2498, 2505, 2547, 2579, 2651, 2683, 2716, 2722, 2778, 2811, 2827, 2848, 3001, 3034, 3071, 3131, 3205, 3238, 3362, 3382, 3401, 3444, 3508, 3526, 3538, 3569, 3601, 3624, 3643, 3718, 3786, 3800, 3813, 3855, 3863, 3886, 3926, 4001, 4030, 4094, 4121, 4146, 4244, 4279, 4326, 4553, 4565, 4577, 4742, 4772, 4785, 4803, 4855, 4869, 4882, 4898]
Runtime:  214.44193569999993
n. of backtracks is 77
satisfied
3
256
100, [314, 478, 524, 572, 639, 669, 712, 806, 818, 920, 959, 1007, 1032, 1060, 1074, 1101, 1132, 1187, 1195, 1291, 1334, 1389, 1398, 1426, 1431, 1487, 1554, 1576, 1789, 1805, 1821, 1885, 1893, 1949, 2014, 2096, 2135, 2178, 2202, 2245, 2292, 2307, 2339, 2372, 2459, 2472, 2494, 2515, 2524, 2536, 2683, 2691, 2711, 2729, 2749, 2757, 2849, 2886, 2909, 2928, 2969, 3019, 3032, 3086, 3116, 3201, 3278, 3322, 3342, 3385, 3416, 3432, 3645, 3670, 3735, 3785, 3804, 3813, 3832, 3879, 3929, 4016, 4043, 4092, 4116, 4144, 4163, 4190, 4200, 4260, 4290, 4400, 4413, 4520, 4544, 4586, 4647, 4707, 4738, 4906]
Runtime:  328.33308980000015
n. of backtracks is 6158
satisfied
3
256
104, [338, 366, 402, 492, 530, 575, 615, 654, 670, 706, 777, 796, 827, 843, 955, 1001, 1015, 1024, 1076, 1101, 1146, 1177, 1206, 1242, 1306, 1329, 1352, 1426, 1472, 1626, 1645, 1706, 1722, 1763, 1775, 1817, 1854, 1912, 1947, 2082, 2124, 2128, 2216, 2251, 2372, 2399, 2444, 2481, 2514, 2523, 2545, 2558, 2663, 2681, 2694, 2707, 2744, 2786, 2811, 2852, 2968, 3007, 3091, 3105, 3134, 3278, 3314, 3359, 3415, 3445, 3460, 3500, 3510, 3576, 3590, 3744, 3793, 3866, 3886, 3915, 3964, 4020, 4045, 4071, 4130, 4146, 4185, 4212, 4222, 4251, 4381, 4389, 4424, 4450, 4521, 4554, 4562, 4597, 4642, 4682, 4735, 4822, 4849, 4882]
Runtime:  227.12670609999986
n. of backtracks is 1693
satisfied
3
256
100, [339, 354, 430, 551, 567, 617, 678, 725, 744, 817, 849, 942, 994, 1021, 1046, 1092, 1108, 1124, 1174, 1232, 1311, 1355, 1388, 1409, 1416, 1476, 1481, 1512, 1537, 1552, 1585, 1633, 1725, 1766, 1774, 1814, 1852, 1923, 1958, 1979, 2084, 2102, 2134, 2160, 2214, 2334, 2376, 2400, 2479, 2539, 2678, 2739, 2819, 2855, 2877, 2999, 3048, 3092, 3119, 3137, 3232, 3262, 3282, 3379, 3405, 3445, 3454, 3489, 3573, 3629, 3664, 3683, 3716, 3724, 3752, 3803, 3823, 3826, 3863, 3903, 3994, 4031, 4084, 4103, 4128, 4176, 4198, 4221, 4277, 4378, 4394, 4478, 4498, 4545, 4593, 4657, 4661, 4781, 4876, 4892]
Runtime:  209.90897669999958
n. of backtracks is 114
satisfied
3
256
94, [338, 392, 475, 506, 518, 630, 662, 706, 726, 763, 771, 861, 898, 911, 973, 1091, 1121, 1235, 1272, 1298, 1392, 1407, 1466, 1508, 1544, 1641, 1770, 1820, 1880, 1929, 1943, 1959, 1975, 1995, 2020, 2066, 2082, 2174, 2187, 2207, 2273, 2297, 2444, 2455, 2467, 2500, 2526, 2698, 2716, 2746, 2768, 2772, 2909, 2957, 3017, 3040, 3047, 3139, 3148, 3205, 3221, 3240, 3259, 3280, 3287, 3347, 3390, 3435, 3580, 3675, 3712, 3747, 3822, 3829, 3911, 3951, 3989, 4108, 4120, 4243, 4306, 4321, 4365, 4445, 4461, 4504, 4508, 4568, 4587, 4694, 4722, 4758, 4825, 4895]
Runtime:  220.48423140000023
n. of backtracks is 1088
satisfied
3
256
102, [320, 341, 386, 431, 504, 535, 560, 650, 681, 710, 733, 826, 844, 890, 912, 928, 940, 971, 1068, 1095, 1120, 1140, 1239, 1252, 1272, 1283, 1331, 1350, 1361, 1498, 1563, 1578, 1589, 1645, 1670, 1766, 1772, 1847, 1907, 1946, 1974, 2016, 2043, 2081, 2182, 2203, 2214, 2342, 2470, 2484, 2573, 2651, 2735, 2748, 2881, 3005, 3021, 3035, 3134, 3164, 3206, 3235, 3270, 3299, 3368, 3448, 3458, 3549, 3577, 3633, 3639, 3663, 3722, 3845, 3865, 3886, 3943, 3956, 3966, 3992, 4064, 4111, 4116, 4157, 4244, 4273, 4296, 4304, 4323, 4379, 4399, 4483, 4512, 4537, 4557, 4661, 4684, 4711, 4791, 4841, 4869, 4907]
Runtime:  228.97124970000004
n. of backtracks is 335
satisfied
3
256
106, [332, 393, 446, 465, 523, 534, 571, 607, 693, 724, 779, 821, 939, 975, 1018, 1047, 1065, 1080, 1096, 1124, 1142, 1183, 1312, 1376, 1389, 1417, 1443, 1471, 1482, 1520, 1563, 1609, 1630, 1695, 1772, 1786, 1850, 1863, 1882, 1907, 1970, 1988, 2008, 2059, 2084, 2105, 2115, 2157, 2223, 2283, 2439, 2521, 2560, 2656, 2698, 2779, 2925, 3002, 3071, 3097, 3116, 3143, 3158, 3209, 3242, 3257, 3300, 3333, 3363, 3375, 3421, 3450, 3535, 3591, 3605, 3660, 3703, 3734, 3746, 3778, 3804, 3828, 3850, 3904, 4034, 4077, 4091, 4129, 4140, 4160, 4178, 4205, 4236, 4271, 4395, 4441, 4501, 4523, 4614, 4643, 4682, 4693, 4746, 4766, 4819, 4888]
Runtime:  280.9631049999998
n. of backtracks is 1482
satisfied
3
256
98, [311, 332, 403, 422, 440, 486, 504, 530, 562, 639, 654, 679, 700, 774, 794, 810, 852, 912, 931, 954, 970, 1060, 1210, 1231, 1280, 1324, 1391, 1501, 1556, 1579, 1582, 1668, 1723, 1818, 1892, 1908, 1968, 2015, 2050, 2064, 2165, 2211, 2241, 2389, 2435, 2495, 2501, 2545, 2583, 2638, 2679, 2718, 2721, 2773, 2827, 2980, 3003, 3049, 3153, 3178, 3198, 3260, 3304, 3325, 3409, 3496, 3550, 3628, 3653, 3671, 3712, 3829, 3906, 3941, 3985, 3996, 4152, 4238, 4266, 4295, 4310, 4361, 4406, 4434, 4453, 4511, 4546, 4564, 4583, 4655, 4682, 4721, 4734, 4788, 4795, 4826, 4885, 4909]
Runtime:  231.37660589999996
n. of backtracks is 874
satisfied
3
256
104, [324, 397, 411, 429, 489, 505, 521, 604, 664, 735, 770, 785, 829, 858, 905, 984, 991, 1027, 1079, 1111, 1123, 1184, 1253, 1288, 1362, 1392, 1401, 1490, 1522, 1534, 1548, 1604, 1663, 1685, 1733, 1798, 1889, 1920, 2010, 2042, 2095, 2148, 2251, 2289, 2300, 2356, 2400, 2416, 2462, 2486, 2506, 2558, 2656, 2717, 2730, 2755, 2794, 2812, 2861, 2908, 2930, 2963, 3070, 3124, 3164, 3206, 3307, 3318, 3418, 3501, 3530, 3568, 3610, 3667, 3685, 3698, 3731, 3811, 3836, 3844, 3935, 3962, 4042, 4088, 4104, 4137, 4195, 4228, 4243, 4315, 4366, 4398, 4436, 4440, 4472, 4548, 4622, 4702, 4720, 4734, 4790, 4797, 4827, 4886]
Runtime:  226.51602460000004
n. of backtracks is 707
satisfied
3
256
Traceback (most recent call last):
  File "statistics.py", line 20, in <module>
  File "/usr/lib/python3.8/subprocess.py", line 340, in call
    with Popen(*popenargs, **kwargs) as p:
  File "/usr/lib/python3.8/subprocess.py", line 854, in __init__
    self._execute_child(args, executable, preexec_fn, close_fds,
  File "/usr/lib/python3.8/subprocess.py", line 1637, in _execute_child
    self.pid = _posixsubprocess.fork_exec(
OSError: [Errno 12] Cannot allocate memory
